Arguments: 
  /usr/bin/node /usr/bin/yarn add angular2-template-loader --dev

PATH: 
  /home/xgui3783/bin:/home/xgui3783/.local/bin:/usr/local/sbin:/usr/local/bin:/usr/sbin:/usr/bin:/sbin:/bin:/usr/games:/usr/local/games:/snap/bin:/home/xgui3783/bin

Yarn version: 
  1.5.1

Node version: 
  8.10.0

Platform: 
  linux x64

npm manifest: 
  {
    "name": "nehubaUI",
    "description": "desc",
    "scripts": {
      "build-min": "webpack --config ./config/webpack.min.js",
      "build": "webpack --config ./config/webpack.config.js",
      "dev-server": "webpack-dev-server --config ./config/webpack.config.js",
      "dev-server-all-interfaces": "webpack-dev-server --config ./config/webpack.config.js --hot --host 0.0.0.0"
    },
    "dependencies": {
      "@angular/animations": "^4.1.3",
      "@angular/cli": "^1.0.3",
      "@angular/common": "^4.1.3",
      "@angular/compiler": "^4.1.3",
      "@angular/core": "^4.1.3",
      "@angular/forms": "^4.1.3",
      "@angular/http": "^4.1.3",
      "@angular/platform-browser": "^4.1.3",
      "@angular/platform-browser-dynamic": "^4.1.3",
      "@angular/router": "^4.1.3",
      "@reactivex/rxjs": "^5.4.3",
      "@types/chart.js": "^2.7.7",
      "core.js": "^0.4.2",
      "nehuba": "^0.0.0-alpha.0",
      "neuroglancer": "^0.0.0-beta.0",
      "ngx-bootstrap": "^1.8.1",
      "systemjs": "^0.20.18",
      "tslint": "^5.5.0",
      "zone.js": "^0.8.10"
    },
    "devDependencies": {
      "html-webpack-plugin": "^2.29.0",
      "jasmine": "^2.8.0",
      "node-sass": "^4.7.2",
      "raw-loader": "^0.5.1",
      "reflect-metadata": "^0.1.10",
      "sass-loader": "^6.0.6",
      "tslint-eslint-rules": "^4.1.1",
      "typescript": "^2.7.2",
      "webpack": "^3.10.0",
      "webpack-dev-server": "^2.2.0"
    }
  }

yarn manifest: 
  No manifest

Lockfile: 
  No lockfile

Trace: 
  Error: Couldn't find package "nehuba" on the "npm" registry.
      at new MessageError (/usr/lib/node_modules/yarn/lib/cli.js:186:110)
      at NpmResolver.<anonymous> (/usr/lib/node_modules/yarn/lib/cli.js:51625:15)
      at Generator.next (<anonymous>)
      at step (/usr/lib/node_modules/yarn/lib/cli.js:98:30)
      at /usr/lib/node_modules/yarn/lib/cli.js:109:13
      at <anonymous>
      at process._tickCallback (internal/process/next_tick.js:188:7)
